[ 2017-03-01T15:30:47+08:00 ] 117.73.147.67 /Loan/add
ERR: 1292:Incorrect date value: '2017年03月01日' for column 'loan_date' at row 1
 [ SQL语句 ] : INSERT INTO `mr_inspect` (`debtor_id`,`user_id`,`status`,`loan`,`pawn`,`loan_date`,`xuxi_date`,`loan_times`,`repay_date`,`extense_date`,`contract_file`) VALUES ('42','8','1','20','1','2017年03月01日','2017年03月04日','22','2018年03月01日','2017年02月30日','2017/03/011488353239')
ERR: 1292:Incorrect date value: '2017年03月01日' for column 'loan_date' at row 1
 [ SQL语句 ] : INSERT INTO `mr_inspect` (`debtor_id`,`user_id`,`status`,`loan`,`pawn`,`loan_date`,`xuxi_date`,`loan_times`,`repay_date`,`extense_date`,`contract_file`) VALUES ('42','8','1','20','1','2017年03月01日','2017年03月04日','22','2018年03月01日','2017年02月30日','2017/03/011488353239')

[ 2017-03-01T15:38:18+08:00 ] 117.73.147.67 /Loan/add
ERR: 1292:Incorrect date value: '' for column 'extense_date' at row 1
 [ SQL语句 ] : INSERT INTO `mr_inspect` (`debtor_id`,`user_id`,`status`,`loan`,`pawn`,`loan_date`,`xuxi_date`,`loan_times`,`repay_date`,`extense_date`,`contract_file`) VALUES ('43','29','0','1888888','1','2017-02-01','2017-02-01','20','2017-03-01','','2017-03-01-1488353859492')
ERR: 1292:Incorrect date value: '' for column 'extense_date' at row 1
 [ SQL语句 ] : INSERT INTO `mr_inspect` (`debtor_id`,`user_id`,`status`,`loan`,`pawn`,`loan_date`,`xuxi_date`,`loan_times`,`repay_date`,`extense_date`,`contract_file`) VALUES ('43','29','0','1888888','1','2017-02-01','2017-02-01','20','2017-03-01','','2017-03-01-1488353859492')

[ 2017-03-01T15:38:24+08:00 ] 117.73.147.67 /Loan/add
ERR: 1292:Incorrect date value: '' for column 'extense_date' at row 1
 [ SQL语句 ] : INSERT INTO `mr_inspect` (`debtor_id`,`user_id`,`status`,`loan`,`pawn`,`loan_date`,`xuxi_date`,`loan_times`,`repay_date`,`extense_date`,`contract_file`) VALUES ('44','29','0','1888888','1','2017-02-01','2017-02-01','20','2017-03-01','','2017-03-01-1488353859492')
ERR: 1292:Incorrect date value: '' for column 'extense_date' at row 1
 [ SQL语句 ] : INSERT INTO `mr_inspect` (`debtor_id`,`user_id`,`status`,`loan`,`pawn`,`loan_date`,`xuxi_date`,`loan_times`,`repay_date`,`extense_date`,`contract_file`) VALUES ('44','29','0','1888888','1','2017-02-01','2017-02-01','20','2017-03-01','','2017-03-01-1488353859492')

[ 2017-03-01T15:38:26+08:00 ] 117.73.147.67 /Loan/add
ERR: 1292:Incorrect date value: '' for column 'extense_date' at row 1
 [ SQL语句 ] : INSERT INTO `mr_inspect` (`debtor_id`,`user_id`,`status`,`loan`,`pawn`,`loan_date`,`xuxi_date`,`loan_times`,`repay_date`,`extense_date`,`contract_file`) VALUES ('45','29','0','1888888','1','2017-02-01','2017-02-01','20','2017-03-01','','2017-03-01-1488353859492')
ERR: 1292:Incorrect date value: '' for column 'extense_date' at row 1
 [ SQL语句 ] : INSERT INTO `mr_inspect` (`debtor_id`,`user_id`,`status`,`loan`,`pawn`,`loan_date`,`xuxi_date`,`loan_times`,`repay_date`,`extense_date`,`contract_file`) VALUES ('45','29','0','1888888','1','2017-02-01','2017-02-01','20','2017-03-01','','2017-03-01-1488353859492')

[ 2017-03-01T15:38:33+08:00 ] 117.73.147.67 /Loan/add
ERR: 1292:Incorrect date value: '' for column 'extense_date' at row 1
 [ SQL语句 ] : INSERT INTO `mr_inspect` (`debtor_id`,`user_id`,`status`,`loan`,`pawn`,`loan_date`,`xuxi_date`,`loan_times`,`repay_date`,`extense_date`,`contract_file`) VALUES ('46','29','0','1888888','1','2017-02-01','2017-02-01','20','2017-03-01','','2017-03-01-1488353859492')
ERR: 1292:Incorrect date value: '' for column 'extense_date' at row 1
 [ SQL语句 ] : INSERT INTO `mr_inspect` (`debtor_id`,`user_id`,`status`,`loan`,`pawn`,`loan_date`,`xuxi_date`,`loan_times`,`repay_date`,`extense_date`,`contract_file`) VALUES ('46','29','0','1888888','1','2017-02-01','2017-02-01','20','2017-03-01','','2017-03-01-1488353859492')

[ 2017-03-01T15:38:35+08:00 ] 117.73.147.67 /Loan/add
ERR: 1292:Incorrect date value: '' for column 'extense_date' at row 1
 [ SQL语句 ] : INSERT INTO `mr_inspect` (`debtor_id`,`user_id`,`status`,`loan`,`pawn`,`loan_date`,`xuxi_date`,`loan_times`,`repay_date`,`extense_date`,`contract_file`) VALUES ('47','29','0','1888888','1','2017-02-01','2017-02-01','20','2017-03-01','','2017-03-01-1488353859492')
ERR: 1292:Incorrect date value: '' for column 'extense_date' at row 1
 [ SQL语句 ] : INSERT INTO `mr_inspect` (`debtor_id`,`user_id`,`status`,`loan`,`pawn`,`loan_date`,`xuxi_date`,`loan_times`,`repay_date`,`extense_date`,`contract_file`) VALUES ('47','29','0','1888888','1','2017-02-01','2017-02-01','20','2017-03-01','','2017-03-01-1488353859492')

[ 2017-03-01T15:38:39+08:00 ] 117.73.147.67 /Loan/add
ERR: 1292:Incorrect date value: '' for column 'extense_date' at row 1
 [ SQL语句 ] : INSERT INTO `mr_inspect` (`debtor_id`,`user_id`,`status`,`loan`,`pawn`,`loan_date`,`xuxi_date`,`loan_times`,`repay_date`,`extense_date`,`contract_file`) VALUES ('48','29','0','1888888','1','2017-02-01','2017-02-01','20','2017-03-01','','2017-03-01-1488353859492')
ERR: 1292:Incorrect date value: '' for column 'extense_date' at row 1
 [ SQL语句 ] : INSERT INTO `mr_inspect` (`debtor_id`,`user_id`,`status`,`loan`,`pawn`,`loan_date`,`xuxi_date`,`loan_times`,`repay_date`,`extense_date`,`contract_file`) VALUES ('48','29','0','1888888','1','2017-02-01','2017-02-01','20','2017-03-01','','2017-03-01-1488353859492')

[ 2017-03-01T15:38:40+08:00 ] 117.73.147.67 /Loan/add
ERR: 1292:Incorrect date value: '' for column 'extense_date' at row 1
 [ SQL语句 ] : INSERT INTO `mr_inspect` (`debtor_id`,`user_id`,`status`,`loan`,`pawn`,`loan_date`,`xuxi_date`,`loan_times`,`repay_date`,`extense_date`,`contract_file`) VALUES ('49','29','0','1888888','1','2017-02-01','2017-02-01','20','2017-03-01','','2017-03-01-1488353859492')
ERR: 1292:Incorrect date value: '' for column 'extense_date' at row 1
 [ SQL语句 ] : INSERT INTO `mr_inspect` (`debtor_id`,`user_id`,`status`,`loan`,`pawn`,`loan_date`,`xuxi_date`,`loan_times`,`repay_date`,`extense_date`,`contract_file`) VALUES ('49','29','0','1888888','1','2017-02-01','2017-02-01','20','2017-03-01','','2017-03-01-1488353859492')

[ 2017-03-01T15:40:00+08:00 ] 117.73.147.67 /Loan/add
ERR: 1292:Incorrect date value: '' for column 'extense_date' at row 1
 [ SQL语句 ] : INSERT INTO `mr_inspect` (`debtor_id`,`user_id`,`status`,`loan`,`pawn`,`loan_date`,`xuxi_date`,`loan_times`,`repay_date`,`extense_date`,`contract_file`) VALUES ('50','29','0','1888888','1','2017-02-01','2017-02-01','20','2017-03-01','','2017-03-01-1488353859492')
ERR: 1292:Incorrect date value: '' for column 'extense_date' at row 1
 [ SQL语句 ] : INSERT INTO `mr_inspect` (`debtor_id`,`user_id`,`status`,`loan`,`pawn`,`loan_date`,`xuxi_date`,`loan_times`,`repay_date`,`extense_date`,`contract_file`) VALUES ('50','29','0','1888888','1','2017-02-01','2017-02-01','20','2017-03-01','','2017-03-01-1488353859492')

[ 2017-03-01T15:40:01+08:00 ] 117.73.147.67 /Loan/add
ERR: 1292:Incorrect date value: '' for column 'extense_date' at row 1
 [ SQL语句 ] : INSERT INTO `mr_inspect` (`debtor_id`,`user_id`,`status`,`loan`,`pawn`,`loan_date`,`xuxi_date`,`loan_times`,`repay_date`,`extense_date`,`contract_file`) VALUES ('51','29','0','1888888','1','2017-02-01','2017-02-01','20','2017-03-01','','2017-03-01-1488353859492')
ERR: 1292:Incorrect date value: '' for column 'extense_date' at row 1
 [ SQL语句 ] : INSERT INTO `mr_inspect` (`debtor_id`,`user_id`,`status`,`loan`,`pawn`,`loan_date`,`xuxi_date`,`loan_times`,`repay_date`,`extense_date`,`contract_file`) VALUES ('51','29','0','1888888','1','2017-02-01','2017-02-01','20','2017-03-01','','2017-03-01-1488353859492')

[ 2017-03-01T15:40:02+08:00 ] 117.73.147.67 /Loan/add
ERR: 1292:Incorrect date value: '' for column 'extense_date' at row 1
 [ SQL语句 ] : INSERT INTO `mr_inspect` (`debtor_id`,`user_id`,`status`,`loan`,`pawn`,`loan_date`,`xuxi_date`,`loan_times`,`repay_date`,`extense_date`,`contract_file`) VALUES ('52','29','0','1888888','1','2017-02-01','2017-02-01','20','2017-03-01','','2017-03-01-1488353859492')
ERR: 1292:Incorrect date value: '' for column 'extense_date' at row 1
 [ SQL语句 ] : INSERT INTO `mr_inspect` (`debtor_id`,`user_id`,`status`,`loan`,`pawn`,`loan_date`,`xuxi_date`,`loan_times`,`repay_date`,`extense_date`,`contract_file`) VALUES ('52','29','0','1888888','1','2017-02-01','2017-02-01','20','2017-03-01','','2017-03-01-1488353859492')

[ 2017-03-01T15:40:27+08:00 ] 117.73.147.67 /Loan/add
ERR: 1292:Incorrect date value: '' for column 'extense_date' at row 1
 [ SQL语句 ] : INSERT INTO `mr_inspect` (`debtor_id`,`user_id`,`status`,`loan`,`pawn`,`loan_date`,`xuxi_date`,`loan_times`,`repay_date`,`extense_date`,`contract_file`) VALUES ('54','29','0','1888888','1','2017-02-01','2017-02-01','20','2017-03-01','','2017-03-01-1488353859492')
ERR: 1292:Incorrect date value: '' for column 'extense_date' at row 1
 [ SQL语句 ] : INSERT INTO `mr_inspect` (`debtor_id`,`user_id`,`status`,`loan`,`pawn`,`loan_date`,`xuxi_date`,`loan_times`,`repay_date`,`extense_date`,`contract_file`) VALUES ('54','29','0','1888888','1','2017-02-01','2017-02-01','20','2017-03-01','','2017-03-01-1488353859492')

[ 2017-03-01T15:40:27+08:00 ] 117.73.147.67 /Loan/add
ERR: 1292:Incorrect date value: '' for column 'extense_date' at row 1
 [ SQL语句 ] : INSERT INTO `mr_inspect` (`debtor_id`,`user_id`,`status`,`loan`,`pawn`,`loan_date`,`xuxi_date`,`loan_times`,`repay_date`,`extense_date`,`contract_file`) VALUES ('55','29','0','1888888','1','2017-02-01','2017-02-01','20','2017-03-01','','2017-03-01-1488353859492')
ERR: 1292:Incorrect date value: '' for column 'extense_date' at row 1
 [ SQL语句 ] : INSERT INTO `mr_inspect` (`debtor_id`,`user_id`,`status`,`loan`,`pawn`,`loan_date`,`xuxi_date`,`loan_times`,`repay_date`,`extense_date`,`contract_file`) VALUES ('55','29','0','1888888','1','2017-02-01','2017-02-01','20','2017-03-01','','2017-03-01-1488353859492')

[ 2017-03-01T15:44:14+08:00 ] 117.73.147.67 /Loan/add
ERR: 1292:Incorrect date value: '2017年03月01日' for column 'loan_date' at row 1
 [ SQL语句 ] : INSERT INTO `mr_inspect` (`debtor_id`,`user_id`,`status`,`loan`,`pawn`,`loan_date`,`xuxi_date`,`loan_times`,`repay_date`,`extense_date`,`contract_file`) VALUES ('56','8','1','222','1','2017年03月01日','2017年05月02日','22','2018年03月01日','2019年02月30日','2017/03/011488354195')
ERR: 1292:Incorrect date value: '2017年03月01日' for column 'loan_date' at row 1
 [ SQL语句 ] : INSERT INTO `mr_inspect` (`debtor_id`,`user_id`,`status`,`loan`,`pawn`,`loan_date`,`xuxi_date`,`loan_times`,`repay_date`,`extense_date`,`contract_file`) VALUES ('56','8','1','222','1','2017年03月01日','2017年05月02日','22','2018年03月01日','2019年02月30日','2017/03/011488354195')

[ 2017-03-01T16:05:15+08:00 ] 117.73.147.67 /Loan/add
ERR: 1292:Incorrect date value: '2017年03月01日' for column 'loan_date' at row 1
 [ SQL语句 ] : INSERT INTO `mr_inspect` (`debtor_id`,`user_id`,`status`,`loan`,`pawn`,`loan_date`,`xuxi_date`,`loan_times`,`repay_date`,`extense_date`,`contract_file`) VALUES ('57','8','2','22','1','2017年03月01日','2015年01月01日','22','2017年03月01日','2019年02月30日','aaa.jpg')
ERR: 1292:Incorrect date value: '2017年03月01日' for column 'loan_date' at row 1
 [ SQL语句 ] : INSERT INTO `mr_inspect` (`debtor_id`,`user_id`,`status`,`loan`,`pawn`,`loan_date`,`xuxi_date`,`loan_times`,`repay_date`,`extense_date`,`contract_file`) VALUES ('57','8','2','22','1','2017年03月01日','2015年01月01日','22','2017年03月01日','2019年02月30日','aaa.jpg')

[ 2017-03-01T16:08:51+08:00 ] 117.73.147.67 /Loan/add
ERR: 1292:Incorrect date value: '2017年03月01日' for column 'loan_date' at row 1
 [ SQL语句 ] : INSERT INTO `mr_inspect` (`debtor_id`,`user_id`,`status`,`loan`,`pawn`,`loan_date`,`xuxi_date`,`loan_times`,`repay_date`,`extense_date`,`contract_file`) VALUES ('58','8','2','2222','2','2017年03月01日','2017年03月02日','22','2019年03月01日','2019年02月30日','aaa.jpg')
ERR: 1292:Incorrect date value: '2017年03月01日' for column 'loan_date' at row 1
 [ SQL语句 ] : INSERT INTO `mr_inspect` (`debtor_id`,`user_id`,`status`,`loan`,`pawn`,`loan_date`,`xuxi_date`,`loan_times`,`repay_date`,`extense_date`,`contract_file`) VALUES ('58','8','2','2222','2','2017年03月01日','2017年03月02日','22','2019年03月01日','2019年02月30日','aaa.jpg')

[ 2017-03-01T16:14:04+08:00 ] 117.73.147.67 /Loan/add
ERR: 1292:Incorrect date value: '2017年03月01日' for column 'loan_date' at row 1
 [ SQL语句 ] : INSERT INTO `mr_inspect` (`debtor_id`,`user_id`,`status`,`loan`,`pawn`,`loan_date`,`xuxi_date`,`loan_times`,`repay_date`,`extense_date`,`contract_file`) VALUES ('59','21','2','22','2','2017年03月01日','2017年04月01日','222','2018年03月01日','2019年02月30日','aaa.jpg')
ERR: 1292:Incorrect date value: '2017年03月01日' for column 'loan_date' at row 1
 [ SQL语句 ] : INSERT INTO `mr_inspect` (`debtor_id`,`user_id`,`status`,`loan`,`pawn`,`loan_date`,`xuxi_date`,`loan_times`,`repay_date`,`extense_date`,`contract_file`) VALUES ('59','21','2','22','2','2017年03月01日','2017年04月01日','222','2018年03月01日','2019年02月30日','aaa.jpg')

[ 2017-03-01T16:14:54+08:00 ] 117.73.147.67 /Loan/add
ERR: 1292:Incorrect date value: '2017年03月01日' for column 'loan_date' at row 1
 [ SQL语句 ] : INSERT INTO `mr_inspect` (`debtor_id`,`user_id`,`status`,`loan`,`pawn`,`loan_date`,`xuxi_date`,`loan_times`,`repay_date`,`extense_date`,`contract_file`) VALUES ('60','21','2','22','2','2017年03月01日','2017年04月01日','222','2018年03月01日','2019年02月30日','aaa.jpg')
ERR: 1292:Incorrect date value: '2017年03月01日' for column 'loan_date' at row 1
 [ SQL语句 ] : INSERT INTO `mr_inspect` (`debtor_id`,`user_id`,`status`,`loan`,`pawn`,`loan_date`,`xuxi_date`,`loan_times`,`repay_date`,`extense_date`,`contract_file`) VALUES ('60','21','2','22','2','2017年03月01日','2017年04月01日','222','2018年03月01日','2019年02月30日','aaa.jpg')

[ 2017-03-01T16:29:43+08:00 ] 117.73.147.67 /Loan/add
ERR: 1292:Incorrect date value: '2019年02月30日' for column 'extense_date' at row 1
 [ SQL语句 ] : INSERT INTO `mr_inspect` (`debtor_id`,`user_id`,`status`,`loan`,`pawn`,`loan_date`,`xuxi_date`,`loan_times`,`repay_date`,`extense_date`,`contract_file`) VALUES ('61','21','1','222','1','2017-03-01','2017-04-01','333','2019-03-01','2019年02月30日','aaa.jpg')
ERR: 1292:Incorrect date value: '2019年02月30日' for column 'extense_date' at row 1
 [ SQL语句 ] : INSERT INTO `mr_inspect` (`debtor_id`,`user_id`,`status`,`loan`,`pawn`,`loan_date`,`xuxi_date`,`loan_times`,`repay_date`,`extense_date`,`contract_file`) VALUES ('61','21','1','222','1','2017-03-01','2017-04-01','333','2019-03-01','2019年02月30日','aaa.jpg')

[ 2017-03-01T16:31:29+08:00 ] 117.73.147.67 /Loan/add
ERR: 1292:Incorrect date value: '2019-02-30' for column 'extense_date' at row 1
 [ SQL语句 ] : INSERT INTO `mr_inspect` (`debtor_id`,`user_id`,`status`,`loan`,`pawn`,`loan_date`,`xuxi_date`,`loan_times`,`repay_date`,`extense_date`,`contract_file`) VALUES ('62','21','1','22','2','2017-03-01','2017-03-01','22','2019-03-01','2019-02-30','aaa.jpg')
ERR: 1292:Incorrect date value: '2019-02-30' for column 'extense_date' at row 1
 [ SQL语句 ] : INSERT INTO `mr_inspect` (`debtor_id`,`user_id`,`status`,`loan`,`pawn`,`loan_date`,`xuxi_date`,`loan_times`,`repay_date`,`extense_date`,`contract_file`) VALUES ('62','21','1','22','2','2017-03-01','2017-03-01','22','2019-03-01','2019-02-30','aaa.jpg')

[ 2017-03-01T16:36:53+08:00 ] 117.73.147.67 /Loan/add
ERR: 1292:Incorrect date value: '2012-02-30' for column 'extense_date' at row 1
 [ SQL语句 ] : INSERT INTO `mr_inspect` (`debtor_id`,`user_id`,`status`,`loan`,`pawn`,`loan_date`,`xuxi_date`,`loan_times`,`repay_date`,`extense_date`,`contract_file`) VALUES ('63','21','1','22','2','2017-03-01','2017-03-01','2','2019-03-01','2012-02-30','aaa.jpg')
ERR: 1292:Incorrect date value: '2012-02-30' for column 'extense_date' at row 1
 [ SQL语句 ] : INSERT INTO `mr_inspect` (`debtor_id`,`user_id`,`status`,`loan`,`pawn`,`loan_date`,`xuxi_date`,`loan_times`,`repay_date`,`extense_date`,`contract_file`) VALUES ('63','21','1','22','2','2017-03-01','2017-03-01','2','2019-03-01','2012-02-30','aaa.jpg')

[ 2017-03-01T16:38:50+08:00 ] 117.73.147.67 /Loan/add
ERR: 1292:Incorrect date value: '2019-02-30' for column 'extense_date' at row 1
 [ SQL语句 ] : INSERT INTO `mr_inspect` (`debtor_id`,`user_id`,`status`,`loan`,`pawn`,`loan_date`,`xuxi_date`,`loan_times`,`repay_date`,`extense_date`,`contract_file`) VALUES ('64','21','1','22','2','2017-03-01','2017-04-01','22','2021-03-01','2019-02-30','aaa.jpg')
ERR: 1292:Incorrect date value: '2019-02-30' for column 'extense_date' at row 1
 [ SQL语句 ] : INSERT INTO `mr_inspect` (`debtor_id`,`user_id`,`status`,`loan`,`pawn`,`loan_date`,`xuxi_date`,`loan_times`,`repay_date`,`extense_date`,`contract_file`) VALUES ('64','21','1','22','2','2017-03-01','2017-04-01','22','2021-03-01','2019-02-30','aaa.jpg')

[ 2017-03-01T17:25:10+08:00 ] 117.73.147.67 /Public/testPush
ERR: Call to undefined function Home\Controller\make_coupon_card()

