[ 2017-02-22T11:41:06+08:00 ] 59.108.15.219 /Loan/add
ERR: 1292:Incorrect date value: '新华网' for column 'xuxi_date' at row 1
 [ SQL语句 ] : INSERT INTO `mr_inspect` (`debtor_id`,`user_id`,`status`,`loan`,`pawn`,`loan_date`,`xuxi_date`,`loan_times`,`repay_date`,`extense_date`,`contract_file`) VALUES ('7','10','0','10','101','2017-02-22','新华网','2','新华网','','')
ERR: 1292:Incorrect date value: '新华网' for column 'xuxi_date' at row 1
 [ SQL语句 ] : INSERT INTO `mr_inspect` (`debtor_id`,`user_id`,`status`,`loan`,`pawn`,`loan_date`,`xuxi_date`,`loan_times`,`repay_date`,`extense_date`,`contract_file`) VALUES ('7','10','0','10','101','2017-02-22','新华网','2','新华网','','')

[ 2017-02-22T11:58:17+08:00 ] 59.108.15.219 /Loan/add
ERR: 1292:Incorrect date value: '新华网' for column 'xuxi_date' at row 1
 [ SQL语句 ] : INSERT INTO `mr_inspect` (`debtor_id`,`user_id`,`status`,`loan`,`pawn`,`loan_date`,`xuxi_date`,`loan_times`,`repay_date`,`extense_date`,`contract_file`) VALUES ('8','10','0','0','101','2017-02-22','新华网','新华网','新华网','','')
ERR: 1292:Incorrect date value: '新华网' for column 'xuxi_date' at row 1
 [ SQL语句 ] : INSERT INTO `mr_inspect` (`debtor_id`,`user_id`,`status`,`loan`,`pawn`,`loan_date`,`xuxi_date`,`loan_times`,`repay_date`,`extense_date`,`contract_file`) VALUES ('8','10','0','0','101','2017-02-22','新华网','新华网','新华网','','')

[ 2017-02-22T11:59:16+08:00 ] 59.108.15.219 /Loan/add
ERR: 1292:Incorrect date value: '新华网' for column 'xuxi_date' at row 1
 [ SQL语句 ] : INSERT INTO `mr_inspect` (`debtor_id`,`user_id`,`status`,`loan`,`pawn`,`loan_date`,`xuxi_date`,`loan_times`,`repay_date`,`extense_date`,`contract_file`) VALUES ('9','10','0','0','101','2017-02-22','新华网','新华网','新华网','','')
ERR: 1292:Incorrect date value: '新华网' for column 'xuxi_date' at row 1
 [ SQL语句 ] : INSERT INTO `mr_inspect` (`debtor_id`,`user_id`,`status`,`loan`,`pawn`,`loan_date`,`xuxi_date`,`loan_times`,`repay_date`,`extense_date`,`contract_file`) VALUES ('9','10','0','0','101','2017-02-22','新华网','新华网','新华网','','')

[ 2017-02-22T11:59:25+08:00 ] 59.108.15.219 /Loan/add
ERR: 1292:Incorrect date value: '新华网' for column 'xuxi_date' at row 1
 [ SQL语句 ] : INSERT INTO `mr_inspect` (`debtor_id`,`user_id`,`status`,`loan`,`pawn`,`loan_date`,`xuxi_date`,`loan_times`,`repay_date`,`extense_date`,`contract_file`) VALUES ('10','10','0','0','101','2017-02-22','新华网','新华网','新华网','','')
ERR: 1292:Incorrect date value: '新华网' for column 'xuxi_date' at row 1
 [ SQL语句 ] : INSERT INTO `mr_inspect` (`debtor_id`,`user_id`,`status`,`loan`,`pawn`,`loan_date`,`xuxi_date`,`loan_times`,`repay_date`,`extense_date`,`contract_file`) VALUES ('10','10','0','0','101','2017-02-22','新华网','新华网','新华网','','')

[ 2017-02-22T12:18:59+08:00 ] 59.108.15.219 /Loan/add
ERR: 1292:Incorrect date value: '2017年2月22日' for column 'xuxi_date' at row 1
 [ SQL语句 ] : INSERT INTO `mr_inspect` (`debtor_id`,`user_id`,`status`,`loan`,`pawn`,`loan_date`,`xuxi_date`,`loan_times`,`repay_date`,`extense_date`,`contract_file`) VALUES ('11','10','0','0.1','101','2017-02-22','2017年2月22日','1','2017-02-22','','')
ERR: 1292:Incorrect date value: '2017年2月22日' for column 'xuxi_date' at row 1
 [ SQL语句 ] : INSERT INTO `mr_inspect` (`debtor_id`,`user_id`,`status`,`loan`,`pawn`,`loan_date`,`xuxi_date`,`loan_times`,`repay_date`,`extense_date`,`contract_file`) VALUES ('11','10','0','0.1','101','2017-02-22','2017年2月22日','1','2017-02-22','','')

[ 2017-02-22T12:26:49+08:00 ] 59.108.15.219 /Loan/add
ERR: 1292:Incorrect date value: '25' for column 'xuxi_date' at row 1
 [ SQL语句 ] : INSERT INTO `mr_inspect` (`debtor_id`,`user_id`,`status`,`loan`,`pawn`,`loan_date`,`xuxi_date`,`loan_times`,`repay_date`,`extense_date`,`contract_file`) VALUES ('12','10','0','0.1','101','2017-02-22','25','5','2017-02-22','','')
ERR: 1292:Incorrect date value: '25' for column 'xuxi_date' at row 1
 [ SQL语句 ] : INSERT INTO `mr_inspect` (`debtor_id`,`user_id`,`status`,`loan`,`pawn`,`loan_date`,`xuxi_date`,`loan_times`,`repay_date`,`extense_date`,`contract_file`) VALUES ('12','10','0','0.1','101','2017-02-22','25','5','2017-02-22','','')

[ 2017-02-22T18:16:53+08:00 ] 59.108.15.219 /Loan/add
ERR: 1292:Incorrect date value: '25' for column 'xuxi_date' at row 1
 [ SQL语句 ] : INSERT INTO `mr_inspect` (`debtor_id`,`user_id`,`status`,`loan`,`pawn`,`loan_date`,`xuxi_date`,`loan_times`,`repay_date`,`extense_date`,`contract_file`) VALUES ('13','10','0','0.1','101','2017-02-22','25','25','2017-02-22','','')
ERR: 1292:Incorrect date value: '25' for column 'xuxi_date' at row 1
 [ SQL语句 ] : INSERT INTO `mr_inspect` (`debtor_id`,`user_id`,`status`,`loan`,`pawn`,`loan_date`,`xuxi_date`,`loan_times`,`repay_date`,`extense_date`,`contract_file`) VALUES ('13','10','0','0.1','101','2017-02-22','25','25','2017-02-22','','')

[ 2017-02-22T18:20:05+08:00 ] 59.108.15.219 /Loan/add
ERR: 1292:Incorrect date value: '25' for column 'xuxi_date' at row 1
 [ SQL语句 ] : INSERT INTO `mr_inspect` (`debtor_id`,`user_id`,`status`,`loan`,`pawn`,`loan_date`,`xuxi_date`,`loan_times`,`repay_date`,`extense_date`,`contract_file`) VALUES ('14','10','0','0.1','101','2017-02-22','25','25','2017-02-22','','')
ERR: 1292:Incorrect date value: '25' for column 'xuxi_date' at row 1
 [ SQL语句 ] : INSERT INTO `mr_inspect` (`debtor_id`,`user_id`,`status`,`loan`,`pawn`,`loan_date`,`xuxi_date`,`loan_times`,`repay_date`,`extense_date`,`contract_file`) VALUES ('14','10','0','0.1','101','2017-02-22','25','25','2017-02-22','','')

